<?xml version="1.0" encoding="UTF-8"?>
<testng-results ignored="1" total="2" passed="1" failed="0" skipped="0">
  <reporter-output>
  </reporter-output>
  <suite started-at="2023-03-16T16:34:07 WIB" name="Default suite" finished-at="2023-03-16T16:34:08 WIB" duration-ms="1610">
    <groups>
    </groups>
    <test started-at="2023-03-16T16:34:07 WIB" name="Default test" finished-at="2023-03-16T16:34:08 WIB" duration-ms="1610">
      <class name="apiTest.GetAndPost">
        <test-method signature="testPost()[pri:0, instance:apiTest.GetAndPost@28f3b248]" started-at="2023-03-16T16:34:07 WIB" name="testPost" finished-at="2023-03-16T16:34:08 WIB" duration-ms="1581" status="PASS">
          <reporter-output>
          </reporter-output>
        </test-method> <!-- testPost -->
      </class> <!-- apiTest.GetAndPost -->
    </test> <!-- Default test -->
  </suite> <!-- Default suite -->
</testng-results>
