<?xml version="1.0" encoding="UTF-8"?>
<testng-results ignored="1" total="2" passed="1" failed="0" skipped="0">
  <reporter-output>
  </reporter-output>
  <suite started-at="2023-03-16T17:15:02 WIB" name="Default suite" finished-at="2023-03-16T17:15:03 WIB" duration-ms="1420">
    <groups>
    </groups>
    <test started-at="2023-03-16T17:15:02 WIB" name="Default test" finished-at="2023-03-16T17:15:03 WIB" duration-ms="1420">
      <class name="apiTest.PutPatchDelete">
        <test-method signature="testDelete()[pri:0, instance:apiTest.PutPatchDelete@28f3b248]" started-at="2023-03-16T17:15:02 WIB" name="testDelete" finished-at="2023-03-16T17:15:03 WIB" duration-ms="1391" status="PASS">
          <reporter-output>
          </reporter-output>
        </test-method> <!-- testDelete -->
      </class> <!-- apiTest.PutPatchDelete -->
    </test> <!-- Default test -->
  </suite> <!-- Default suite -->
</testng-results>
