<?xml version="1.0" encoding="UTF-8"?>
<testng-results ignored="0" total="2" passed="2" failed="0" skipped="0">
  <reporter-output>
  </reporter-output>
  <suite started-at="2023-04-13T11:13:47 WIB" name="Default suite" finished-at="2023-04-13T11:15:25 WIB" duration-ms="98766">
    <groups>
    </groups>
    <test started-at="2023-04-13T11:13:47 WIB" name="Default test" finished-at="2023-04-13T11:15:25 WIB" duration-ms="98766">
      <class name="org.nicoprasetiawan.TestCase">
        <test-method is-config="true" signature="startExecution()[pri:0, instance:org.nicoprasetiawan.TestCase@53045c6c]" started-at="2023-04-13T11:13:47 WIB" name="startExecution" finished-at="2023-04-13T11:14:24 WIB" duration-ms="37334" status="PASS">
          <reporter-output>
          </reporter-output>
        </test-method> <!-- startExecution -->
        <test-method is-config="true" signature="setHomePage()[pri:0, instance:org.nicoprasetiawan.TestCase@53045c6c]" started-at="2023-04-13T11:14:24 WIB" name="setHomePage" finished-at="2023-04-13T11:14:30 WIB" duration-ms="5704" status="PASS">
          <reporter-output>
          </reporter-output>
        </test-method> <!-- setHomePage -->
        <test-method signature="sumPrice(java.util.HashMap)[pri:0, instance:org.nicoprasetiawan.TestCase@53045c6c]" started-at="2023-04-13T11:14:30 WIB" name="sumPrice" data-provider="getData" finished-at="2023-04-13T11:14:59 WIB" duration-ms="29150" status="PASS">
          <params>
            <param index="0">
              <value>
                <![CDATA[{name=Sandra, country=Bahrain, gender=female}]]>
              </value>
            </param>
          </params>
          <reporter-output>
          </reporter-output>
        </test-method> <!-- sumPrice -->
        <test-method is-config="true" signature="setHomePage()[pri:0, instance:org.nicoprasetiawan.TestCase@53045c6c]" started-at="2023-04-13T11:14:59 WIB" name="setHomePage" finished-at="2023-04-13T11:15:05 WIB" duration-ms="5251" status="PASS">
          <reporter-output>
          </reporter-output>
        </test-method> <!-- setHomePage -->
        <test-method signature="sumPrice(java.util.HashMap)[pri:0, instance:org.nicoprasetiawan.TestCase@53045c6c]" started-at="2023-04-13T11:15:05 WIB" name="sumPrice" data-provider="getData" finished-at="2023-04-13T11:15:24 WIB" duration-ms="19411" status="PASS">
          <params>
            <param index="0">
              <value>
                <![CDATA[{name=Nico, country=Argentina, gender=male}]]>
              </value>
            </param>
          </params>
          <reporter-output>
          </reporter-output>
        </test-method> <!-- sumPrice -->
        <test-method is-config="true" signature="stopExecution()[pri:0, instance:org.nicoprasetiawan.TestCase@53045c6c]" started-at="2023-04-13T11:15:24 WIB" name="stopExecution" finished-at="2023-04-13T11:15:25 WIB" duration-ms="1350" status="PASS">
          <reporter-output>
          </reporter-output>
        </test-method> <!-- stopExecution -->
      </class> <!-- org.nicoprasetiawan.TestCase -->
    </test> <!-- Default test -->
  </suite> <!-- Default suite -->
</testng-results>
