<?xml version="1.0" encoding="UTF-8"?>
<testng-results ignored="0" total="2" passed="2" failed="0" skipped="0">
  <reporter-output>
  </reporter-output>
  <suite started-at="2023-04-18T16:58:34 WIB" name="Default suite" finished-at="2023-04-18T16:59:28 WIB" duration-ms="53825">
    <groups>
    </groups>
    <test started-at="2023-04-18T16:58:34 WIB" name="Default test" finished-at="2023-04-18T16:59:28 WIB" duration-ms="53825">
      <class name="org.nicoprasetiawan.TestCase">
        <test-method is-config="true" signature="config()[pri:0, instance:org.nicoprasetiawan.TestCase@117159c0]" started-at="2023-04-18T16:58:34 WIB" name="config" finished-at="2023-04-18T16:58:34 WIB" duration-ms="461" status="PASS">
          <reporter-output>
          </reporter-output>
        </test-method> <!-- config -->
        <test-method is-config="true" signature="startExecution()[pri:0, instance:org.nicoprasetiawan.TestCase@117159c0]" started-at="2023-04-18T16:58:34 WIB" name="startExecution" finished-at="2023-04-18T16:58:45 WIB" duration-ms="10732" status="PASS">
          <reporter-output>
          </reporter-output>
        </test-method> <!-- startExecution -->
        <test-method is-config="true" signature="setHomePage()[pri:0, instance:org.nicoprasetiawan.TestCase@117159c0]" started-at="2023-04-18T16:58:46 WIB" name="setHomePage" finished-at="2023-04-18T16:58:48 WIB" duration-ms="1902" status="PASS">
          <reporter-output>
          </reporter-output>
        </test-method> <!-- setHomePage -->
        <test-method signature="sumPrice(java.util.HashMap)[pri:0, instance:org.nicoprasetiawan.TestCase@117159c0]" started-at="2023-04-18T16:58:48 WIB" name="sumPrice" data-provider="getData" finished-at="2023-04-18T16:59:07 WIB" duration-ms="19217" status="PASS">
          <params>
            <param index="0">
              <value>
                <![CDATA[{name=Sandra, country=Bahrain, gender=female}]]>
              </value>
            </param>
          </params>
          <reporter-output>
          </reporter-output>
        </test-method> <!-- sumPrice -->
        <test-method is-config="true" signature="setHomePage()[pri:0, instance:org.nicoprasetiawan.TestCase@117159c0]" started-at="2023-04-18T16:59:07 WIB" name="setHomePage" finished-at="2023-04-18T16:59:09 WIB" duration-ms="1732" status="PASS">
          <reporter-output>
          </reporter-output>
        </test-method> <!-- setHomePage -->
        <test-method signature="sumPrice(java.util.HashMap)[pri:0, instance:org.nicoprasetiawan.TestCase@117159c0]" started-at="2023-04-18T16:59:09 WIB" name="sumPrice" data-provider="getData" finished-at="2023-04-18T16:59:27 WIB" duration-ms="18184" status="PASS">
          <params>
            <param index="0">
              <value>
                <![CDATA[{name=Nico, country=Argentina, gender=male}]]>
              </value>
            </param>
          </params>
          <reporter-output>
          </reporter-output>
        </test-method> <!-- sumPrice -->
        <test-method is-config="true" signature="stopExecution()[pri:0, instance:org.nicoprasetiawan.TestCase@117159c0]" started-at="2023-04-18T16:59:27 WIB" name="stopExecution" finished-at="2023-04-18T16:59:28 WIB" duration-ms="585" status="PASS">
          <reporter-output>
          </reporter-output>
        </test-method> <!-- stopExecution -->
      </class> <!-- org.nicoprasetiawan.TestCase -->
    </test> <!-- Default test -->
  </suite> <!-- Default suite -->
</testng-results>
