<?xml version="1.0" encoding="UTF-8"?>
<testng-results ignored="0" total="1" passed="1" failed="0" skipped="0">
  <reporter-output>
  </reporter-output>
  <suite started-at="2023-03-15T14:58:01 WIB" name="Default suite" finished-at="2023-03-15T14:58:39 WIB" duration-ms="37972">
    <groups>
    </groups>
    <test started-at="2023-03-15T14:58:01 WIB" name="Default test" finished-at="2023-03-15T14:58:39 WIB" duration-ms="37972">
      <class name="NicoPrasetiawan.Appium.TestCase6_clipboard_androidKey">
        <test-method is-config="true" signature="startExecution()[pri:0, instance:NicoPrasetiawan.Appium.TestCase6_clipboard_androidKey@43dac38f]" started-at="2023-03-15T14:58:01 WIB" name="startExecution" finished-at="2023-03-15T14:58:21 WIB" duration-ms="20522" status="PASS">
          <reporter-output>
          </reporter-output>
        </test-method> <!-- startExecution -->
        <test-method signature="landscapeAndClipboard()[pri:0, instance:NicoPrasetiawan.Appium.TestCase6_clipboard_androidKey@43dac38f]" started-at="2023-03-15T14:58:21 WIB" name="landscapeAndClipboard" finished-at="2023-03-15T14:58:38 WIB" duration-ms="16423" status="PASS">
          <reporter-output>
          </reporter-output>
        </test-method> <!-- landscapeAndClipboard -->
        <test-method is-config="true" signature="stopExecution()[pri:0, instance:NicoPrasetiawan.Appium.TestCase6_clipboard_androidKey@43dac38f]" started-at="2023-03-15T14:58:38 WIB" name="stopExecution" finished-at="2023-03-15T14:58:39 WIB" duration-ms="997" status="PASS">
          <reporter-output>
          </reporter-output>
        </test-method> <!-- stopExecution -->
      </class> <!-- NicoPrasetiawan.Appium.TestCase6_clipboard_androidKey -->
    </test> <!-- Default test -->
  </suite> <!-- Default suite -->
</testng-results>
