<?xml version="1.0" encoding="UTF-8"?>
<testng-results ignored="0" total="1" passed="1" failed="0" skipped="0">
  <reporter-output>
  </reporter-output>
  <suite started-at="2023-03-14T15:27:46 WIB" name="Default suite" finished-at="2023-03-14T15:28:42 WIB" duration-ms="56099">
    <groups>
    </groups>
    <test started-at="2023-03-14T15:27:46 WIB" name="Default test" finished-at="2023-03-14T15:28:42 WIB" duration-ms="56099">
      <class name="NicoPrasetiawan.Appium.TestCase3">
        <test-method is-config="true" signature="startExecution()[pri:0, instance:NicoPrasetiawan.Appium.TestCase3@d5b810e]" started-at="2023-03-14T15:27:46 WIB" name="startExecution" finished-at="2023-03-14T15:28:03 WIB" duration-ms="17383" status="PASS">
          <reporter-output>
          </reporter-output>
        </test-method> <!-- startExecution -->
        <test-method signature="scrollPage()[pri:0, instance:NicoPrasetiawan.Appium.TestCase3@d5b810e]" started-at="2023-03-14T15:28:03 WIB" name="scrollPage" finished-at="2023-03-14T15:28:42 WIB" duration-ms="38638" status="PASS">
          <reporter-output>
          </reporter-output>
        </test-method> <!-- scrollPage -->
        <test-method is-config="true" signature="stopExecution()[pri:0, instance:NicoPrasetiawan.Appium.TestCase3@d5b810e]" started-at="2023-03-14T15:28:42 WIB" name="stopExecution" finished-at="2023-03-14T15:28:42 WIB" duration-ms="56" status="PASS">
          <reporter-output>
          </reporter-output>
        </test-method> <!-- stopExecution -->
      </class> <!-- NicoPrasetiawan.Appium.TestCase3 -->
    </test> <!-- Default test -->
  </suite> <!-- Default suite -->
</testng-results>
