<?xml version="1.0" encoding="UTF-8"?>
<!-- Generated by org.testng.reporters.JUnitXMLReporter -->
<testsuite ignored="0" hostname="Nicos-MacBook-Air.local" failures="0" tests="2" name="Error validation test" time="34.168" errors="0" timestamp="2023-04-08T15:02:40 WIB">
  <testcase classname="org.nicoprasetiawan.TestCase_1" name="fillForm_Negative" time="10.432"/>
  <testcase classname="org.nicoprasetiawan.TestCase_1" name="fillForm_Positive" time="16.551"/>
</testsuite> <!-- Error validation test -->
